c:\users\xcy\documents\cvproject\kltgpu\x64\release\utils.obj
c:\users\xcy\documents\cvproject\kltgpu\x64\release\klttracker.obj
c:\users\xcy\documents\cvproject\kltgpu\x64\release\buffers.obj
c:\users\xcy\documents\cvproject\kltgpu\x64\release\viewqt.obj
c:\users\xcy\documents\cvproject\kltgpu\x64\release\streamthread.obj
c:\users\xcy\documents\cvproject\kltgpu\x64\release\modelsqt.obj
c:\users\xcy\documents\cvproject\kltgpu\x64\release\mainwindow.obj
c:\users\xcy\documents\cvproject\kltgpu\x64\release\main.obj
c:\users\xcy\documents\cvproject\kltgpu\x64\release\moc_viewqt.obj
c:\users\xcy\documents\cvproject\kltgpu\x64\release\moc_streamthread.obj
c:\users\xcy\documents\cvproject\kltgpu\x64\release\moc_mainwindow.obj
c:\users\xcy\documents\cvproject\kltgpu\x64\release\qrc_kltgpu.obj
c:\users\xcy\documents\cvproject\kltgpu\generatedfiles\ui_kltgpu.h
c:\users\xcy\documents\cvproject\kltgpu\generatedfiles\qrc_kltgpu.cpp
c:\users\xcy\documents\cvproject\kltgpu\generatedfiles\release\moc_viewqt.cpp
c:\users\xcy\documents\cvproject\kltgpu\generatedfiles\release\moc_mainwindow.cpp
c:\users\xcy\documents\cvproject\kltgpu\generatedfiles\release\moc_streamthread.cpp
c:\users\xcy\documents\cvproject\kltgpu\x64\release\klttracker.cu.cache
c:\users\xcy\documents\cvproject\kltgpu\x64\release\kltgpu.obj
c:\users\xcy\documents\cvproject\kltgpu\x64\release\klttracker.cu.obj
c:\users\xcy\documents\cvproject\kltgpu\x64\release\moc_kltgpu.obj
c:\users\xcy\documents\cvproject\kltgpu\x64\release\kltgpu.tlog\cl.command.1.tlog
c:\users\xcy\documents\cvproject\kltgpu\x64\release\kltgpu.tlog\cl.read.1.tlog
c:\users\xcy\documents\cvproject\kltgpu\x64\release\kltgpu.tlog\cl.write.1.tlog
c:\users\xcy\documents\cvproject\kltgpu\x64\release\kltgpu.tlog\custombuild.command.1.tlog
c:\users\xcy\documents\cvproject\kltgpu\x64\release\kltgpu.tlog\custombuild.read.1.tlog
c:\users\xcy\documents\cvproject\kltgpu\x64\release\kltgpu.tlog\custombuild.write.1.tlog
c:\users\xcy\documents\cvproject\kltgpu\x64\release\kltgpu.tlog\link-cvtres.read.1.tlog
c:\users\xcy\documents\cvproject\kltgpu\x64\release\kltgpu.tlog\link-cvtres.write.1.tlog
c:\users\xcy\documents\cvproject\kltgpu\x64\release\kltgpu.tlog\link-rc.read.1.tlog
c:\users\xcy\documents\cvproject\kltgpu\x64\release\kltgpu.tlog\link-rc.write.1.tlog
c:\users\xcy\documents\cvproject\kltgpu\x64\release\kltgpu.tlog\link.command.1.tlog
c:\users\xcy\documents\cvproject\kltgpu\x64\release\kltgpu.tlog\link.read.1.tlog
c:\users\xcy\documents\cvproject\kltgpu\x64\release\kltgpu.tlog\link.write.1.tlog
