  Uic'ing kltgpu.ui...
  Moc'ing viewqt.h...
  Moc'ing streamthread.h...
  Moc'ing mainwindow.h...
  Rcc'ing kltgpu.qrc...
RCC : warning : No resources in 'C:\Users\xcy\Documents\CVProject\kltgpu\kltgpu.qrc'.
  
  moc_mainwindow.cpp
  moc_streamthread.cpp
c:\users\xcy\documents\cvproject\kltgpu\generatedfiles\debug\../../includes/Qts/streamthread.h(4): fatal error C1083: Cannot open include file: 'trackers/buffers.h': No such file or directory
  moc_viewqt.cpp
c:\users\xcy\documents\cvproject\kltgpu\generatedfiles\debug\../../includes/Qts/viewqt.h(8): fatal error C1083: Cannot open include file: 'Qts/modelsqt.h': No such file or directory
  main.cpp
src\Qts\main.cpp(3): fatal error C1083: Cannot open include file: 'Qts/mainwindow.h': No such file or directory
  mainwindow.cpp
src\Qts\mainwindow.cpp(1): fatal error C1083: Cannot open include file: 'Qts/mainwindow.h': No such file or directory
  modelsqt.cpp
src\Qts\modelsqt.cpp(1): fatal error C1083: Cannot open include file: 'Qts/modelsqt.h': No such file or directory
  streamthread.cpp
src\Qts\streamthread.cpp(1): fatal error C1083: Cannot open include file: 'Qts/streamthread.h': No such file or directory
  viewqt.cpp
src\Qts\viewqt.cpp(1): fatal error C1083: Cannot open include file: 'Qts/viewqt.h': No such file or directory
  buffers.cpp
src\trackers\buffers.cpp(1): fatal error C1083: Cannot open include file: 'trackers/buffers.h': No such file or directory
  klttracker.cpp
src\trackers\klttracker.cpp(1): fatal error C1083: Cannot open include file: 'trackers/klttracker.h': No such file or directory
  utils.cpp
src\trackers\utils.cpp(1): fatal error C1083: Cannot open include file: 'trackers/utils.h': No such file or directory
  Generating Code...
